<?xml version="1.0" encoding="UTF-8"?>
<!-- Generated by org.testng.reporters.JUnitXMLReporter -->
<testsuite ignored="0" hostname="MyPC" failures="1" tests="1" name="Test" time="0.078" errors="0" timestamp="26 Feb 2019 06:48:18 GMT">
  <testcase classname="orgorg.Test1" name="st" time="0.041">
    <failure type="java.lang.AssertionError" message="expected [false] but found [true]">
      <![CDATA[java.lang.AssertionError: expected [false] but found [true]
	at orgorg.Test1.st(Test1.java:41)
... Removed 31 stack frames]]>
    </failure>
  </testcase> <!-- st -->
</testsuite> <!-- Test -->
