<?xml version="1.0" encoding="UTF-8"?>
<testng-results ignored="0" total="1" passed="1" failed="0" skipped="0">
  <reporter-output>
  </reporter-output>
  <suite started-at="2019-02-27T21:35:20Z" name="Default suite" finished-at="2019-02-27T21:35:25Z" duration-ms="4428">
    <groups>
    </groups>
    <test started-at="2019-02-27T21:35:20Z" name="Default test" finished-at="2019-02-27T21:35:25Z" duration-ms="4428">
      <class name="orgorg.AlertDropDownFileUploadHandling">
        <test-method signature="test1()[pri:0, instance:orgorg.AlertDropDownFileUploadHandling@7817fd62]" started-at="2019-02-28T03:05:20Z" name="test1" finished-at="2019-02-28T03:05:25Z" duration-ms="4395" status="PASS">
          <reporter-output>
          </reporter-output>
        </test-method> <!-- test1 -->
      </class> <!-- orgorg.AlertDropDownFileUploadHandling -->
    </test> <!-- Default test -->
  </suite> <!-- Default suite -->
</testng-results>
